<?xml version="1.0" encoding="UTF-8"?>
<!-- Generated by org.testng.reporters.JUnitReportReporter -->
<testsuite hostname="DESKTOP-D9IBFV8" failures="0" tests="1" name="BasicTesting" time="445.748" errors="0" timestamp="2024-08-04T17:43:23 IST" skipped="0">
  <testcase classname="BasicTesting" name="show" time="445.748"/>
  <system-out/>
</testsuite> <!-- BasicTesting -->
